This file contains any messages produced by compilers while
running configure, to aid debugging if configure makes a mistake.

It was created by libwired configure 1.0, which was
generated by GNU Autoconf 2.69.  Invocation command line was

  $ ./configure 

## --------- ##
## Platform. ##
## --------- ##

hostname = nark.local
uname -m = x86_64
uname -r = 12.2.0
uname -s = Darwin
uname -v = Darwin Kernel Version 12.2.0: Sat Aug 25 00:48:52 PDT 2012; root:xnu-2050.18.24~1/RELEASE_X86_64

/usr/bin/uname -p = i386
/bin/uname -X     = unknown

/bin/arch              = unknown
/usr/bin/arch -k       = unknown
/usr/convex/getsysinfo = unknown
/usr/bin/hostinfo      = Mach kernel version:
	 Darwin Kernel Version 12.2.0: Sat Aug 25 00:48:52 PDT 2012; root:xnu-2050.18.24~1/RELEASE_X86_64
Kernel configured for up to 4 processors.
2 processors are physically available.
4 processors are logically available.
Processor type: i486 (Intel 80486)
Processors active: 0 1 2 3
Primary memory available: 8.00 gigabytes
Default processor set: 146 tasks, 767 threads, 4 processors
Load average: 1.30, Mach factor: 2.68
/bin/machine           = unknown
/usr/bin/oslevel       = unknown
/bin/universe          = unknown

PATH: /Users/nark/.rvm/gems/ruby-1.9.3-p194/bin
PATH: /Users/nark/.rvm/gems/ruby-1.9.3-p194@global/bin
PATH: /Users/nark/.rvm/rubies/ruby-1.9.3-p194/bin
PATH: /Users/nark/.rvm/bin
PATH: /usr/bin
PATH: /bin
PATH: /usr/sbin
PATH: /sbin
PATH: /usr/local/bin
PATH: /Users/nark/.rvm/bin


## ----------- ##
## Core tests. ##
## ----------- ##

configure:2430: checking build system type
configure:2444: result: i686-apple-darwin12.2.0
configure:2464: checking host system type
configure:2477: result: i686-apple-darwin12.2.0
configure:2559: checking for gcc
configure:2575: found /usr/bin/gcc
configure:2586: result: gcc
configure:2815: checking for C compiler version
configure:2824: gcc --version >&5
i686-apple-darwin11-llvm-gcc-4.2 (GCC) 4.2.1 (Based on Apple Inc. build 5658) (LLVM build 2336.11.00)
Copyright (C) 2007 Free Software Foundation, Inc.
This is free software; see the source for copying conditions.  There is NO
warranty; not even for MERCHANTABILITY or FITNESS FOR A PARTICULAR PURPOSE.

configure:2835: $? = 0
configure:2824: gcc -v >&5
Using built-in specs.
Target: i686-apple-darwin11
Configured with: /private/var/tmp/llvmgcc42/llvmgcc42-2336.11~67/src/configure --disable-checking --enable-werror --prefix=/Applications/Xcode.app/Contents/Developer/usr/llvm-gcc-4.2 --mandir=/share/man --enable-languages=c,objc,c++,obj-c++ --program-prefix=llvm- --program-transform-name=/^[cg][^.-]*$/s/$/-4.2/ --with-slibdir=/usr/lib --build=i686-apple-darwin11 --enable-llvm=/private/var/tmp/llvmgcc42/llvmgcc42-2336.11~67/dst-llvmCore/Developer/usr/local --program-prefix=i686-apple-darwin11- --host=x86_64-apple-darwin11 --target=i686-apple-darwin11 --with-gxx-include-dir=/usr/include/c++/4.2.1
Thread model: posix
gcc version 4.2.1 (Based on Apple Inc. build 5658) (LLVM build 2336.11.00)
configure:2835: $? = 0
configure:2824: gcc -V >&5
llvm-gcc-4.2: argument to `-V' is missing
configure:2835: $? = 1
configure:2824: gcc -qversion >&5
i686-apple-darwin11-llvm-gcc-4.2: no input files
configure:2835: $? = 1
configure:2855: checking whether the C compiler works
configure:2877: gcc    conftest.c  >&5
configure:2881: $? = 0
configure:2929: result: yes
configure:2932: checking for C compiler default output file name
configure:2934: result: a.out
configure:2940: checking for suffix of executables
configure:2947: gcc -o conftest    conftest.c  >&5
configure:2951: $? = 0
configure:2973: result: 
configure:2995: checking whether we are cross compiling
configure:3003: gcc -o conftest    conftest.c  >&5
configure:3007: $? = 0
configure:3014: ./conftest
configure:3018: $? = 0
configure:3033: result: no
configure:3038: checking for suffix of object files
configure:3060: gcc -c   conftest.c >&5
configure:3064: $? = 0
configure:3085: result: o
configure:3089: checking whether we are using the GNU C compiler
configure:3108: gcc -c   conftest.c >&5
configure:3108: $? = 0
configure:3117: result: yes
configure:3126: checking whether gcc accepts -g
configure:3146: gcc -c -g  conftest.c >&5
configure:3146: $? = 0
configure:3187: result: yes
configure:3204: checking for gcc option to accept ISO C89
configure:3267: gcc  -c -g -O2  conftest.c >&5
configure:3267: $? = 0
configure:3280: result: none needed
configure:3305: checking how to run the C preprocessor
configure:3336: gcc -E  conftest.c
configure:3336: $? = 0
configure:3350: gcc -E  conftest.c
conftest.c:10:28: error: ac_nonexistent.h: No such file or directory
configure:3350: $? = 1
configure: failed program was:
| /* confdefs.h */
| #define PACKAGE_NAME "libwired"
| #define PACKAGE_TARNAME "libwired"
| #define PACKAGE_VERSION "1.0"
| #define PACKAGE_STRING "libwired 1.0"
| #define PACKAGE_BUGREPORT "dev@read-write.fr"
| #define PACKAGE_URL ""
| #define WI_VERSION "1.0"
| /* end confdefs.h.  */
| #include <ac_nonexistent.h>
configure:3375: result: gcc -E
configure:3395: gcc -E  conftest.c
configure:3395: $? = 0
configure:3409: gcc -E  conftest.c
conftest.c:10:28: error: ac_nonexistent.h: No such file or directory
configure:3409: $? = 1
configure: failed program was:
| /* confdefs.h */
| #define PACKAGE_NAME "libwired"
| #define PACKAGE_TARNAME "libwired"
| #define PACKAGE_VERSION "1.0"
| #define PACKAGE_STRING "libwired 1.0"
| #define PACKAGE_BUGREPORT "dev@read-write.fr"
| #define PACKAGE_URL ""
| #define WI_VERSION "1.0"
| /* end confdefs.h.  */
| #include <ac_nonexistent.h>
configure:3451: checking for a BSD-compatible install
configure:3519: result: /usr/bin/install -c
configure:3530: checking whether make sets $(MAKE)
configure:3552: result: yes
configure:3567: checking for warning flags
configure:4011: result: none
configure:4211: checking for grep that handles long lines and -e
configure:4269: result: /usr/bin/grep
configure:4274: checking for egrep
configure:4336: result: /usr/bin/grep -E
configure:4341: checking for ANSI C header files
configure:4361: gcc -c -g -O2 -I/usr/local/include conftest.c >&5
configure:4361: $? = 0
configure:4434: gcc -o conftest -g -O2 -I/usr/local/include -L/usr/local/lib conftest.c  >&5
configure:4434: $? = 0
configure:4434: ./conftest
configure:4434: $? = 0
configure:4445: result: yes
configure:4458: checking for sys/types.h
configure:4458: gcc -c -g -O2 -I/usr/local/include conftest.c >&5
configure:4458: $? = 0
configure:4458: result: yes
configure:4458: checking for sys/stat.h
configure:4458: gcc -c -g -O2 -I/usr/local/include conftest.c >&5
configure:4458: $? = 0
configure:4458: result: yes
configure:4458: checking for stdlib.h
configure:4458: gcc -c -g -O2 -I/usr/local/include conftest.c >&5
configure:4458: $? = 0
configure:4458: result: yes
configure:4458: checking for string.h
configure:4458: gcc -c -g -O2 -I/usr/local/include conftest.c >&5
configure:4458: $? = 0
configure:4458: result: yes
configure:4458: checking for memory.h
configure:4458: gcc -c -g -O2 -I/usr/local/include conftest.c >&5
configure:4458: $? = 0
configure:4458: result: yes
configure:4458: checking for strings.h
configure:4458: gcc -c -g -O2 -I/usr/local/include conftest.c >&5
configure:4458: $? = 0
configure:4458: result: yes
configure:4458: checking for inttypes.h
configure:4458: gcc -c -g -O2 -I/usr/local/include conftest.c >&5
configure:4458: $? = 0
configure:4458: result: yes
configure:4458: checking for stdint.h
configure:4458: gcc -c -g -O2 -I/usr/local/include conftest.c >&5
configure:4458: $? = 0
configure:4458: result: yes
configure:4458: checking for unistd.h
configure:4458: gcc -c -g -O2 -I/usr/local/include conftest.c >&5
configure:4458: $? = 0
configure:4458: result: yes
configure:4473: checking for pow
configure:4473: gcc -o conftest -g -O2 -I/usr/local/include -L/usr/local/lib conftest.c  >&5
conftest.c:43: warning: conflicting types for built-in function 'pow'
configure:4473: $? = 0
configure:4473: result: yes
configure:4539: checking for setsockopt
configure:4539: gcc -o conftest -g -O2 -I/usr/local/include -L/usr/local/lib conftest.c  >&5
configure:4539: $? = 0
configure:4539: result: yes
configure:4605: checking for gethostent
configure:4605: gcc -o conftest -g -O2 -I/usr/local/include -L/usr/local/lib conftest.c  >&5
configure:4605: $? = 0
configure:4605: result: yes
configure:4671: checking for herror
configure:4671: gcc -o conftest -g -O2 -I/usr/local/include -L/usr/local/lib conftest.c  >&5
configure:4671: $? = 0
configure:4671: result: yes
configure:4739: checking CoreServices/CoreServices.h usability
configure:4739: gcc -c -g -O2 -I/usr/local/include conftest.c >&5
configure:4739: $? = 0
configure:4739: result: yes
configure:4739: checking CoreServices/CoreServices.h presence
configure:4739: gcc -E -I/usr/local/include conftest.c
configure:4739: $? = 0
configure:4739: result: yes
configure:4739: checking for CoreServices/CoreServices.h
configure:4739: result: yes
configure:4781: checking Carbon/Carbon.h usability
configure:4781: gcc -c -g -O2 -I/usr/local/include -DWI_CORESERVICES conftest.c >&5
configure:4781: $? = 0
configure:4781: result: yes
configure:4781: checking Carbon/Carbon.h presence
configure:4781: gcc -E -I/usr/local/include -DWI_CORESERVICES conftest.c
configure:4781: $? = 0
configure:4781: result: yes
configure:4781: checking for Carbon/Carbon.h
configure:4781: result: yes
configure:4826: checking CommonCrypto/CommonDigest.h usability
configure:4826: gcc -c -g -O2 -I/usr/local/include -DWI_CORESERVICES -DWI_CARBON conftest.c >&5
configure:4826: $? = 0
configure:4826: result: yes
configure:4826: checking CommonCrypto/CommonDigest.h presence
configure:4826: gcc -E -I/usr/local/include -DWI_CORESERVICES -DWI_CARBON conftest.c
configure:4826: $? = 0
configure:4826: result: yes
configure:4826: checking for CommonCrypto/CommonDigest.h
configure:4826: result: yes
configure:4826: checking CommonCrypto/CommonCryptor.h usability
configure:4826: gcc -c -g -O2 -I/usr/local/include -DWI_CORESERVICES -DWI_CARBON -DWI_DIGESTS -DWI_CIPHERS conftest.c >&5
configure:4826: $? = 0
configure:4826: result: yes
configure:4826: checking CommonCrypto/CommonCryptor.h presence
configure:4826: gcc -E -I/usr/local/include -DWI_CORESERVICES -DWI_CARBON -DWI_DIGESTS -DWI_CIPHERS conftest.c
configure:4826: $? = 0
configure:4826: result: yes
configure:4826: checking for CommonCrypto/CommonCryptor.h
configure:4826: result: yes
configure:6988: checking for glibc
configure:6999: gcc -c -g -O2 -I/usr/local/include -DWI_CORESERVICES -DWI_CARBON -DWI_DIGESTS -DWI_CIPHERS conftest.c >&5
conftest.c:25:23: error: features.h: No such file or directory
conftest.c:27: error: expected '=', ',', ';', 'asm' or '__attribute__' at end of input
configure:6999: $? = 1
configure: failed program was:
| /* confdefs.h */
| #define PACKAGE_NAME "libwired"
| #define PACKAGE_TARNAME "libwired"
| #define PACKAGE_VERSION "1.0"
| #define PACKAGE_STRING "libwired 1.0"
| #define PACKAGE_BUGREPORT "dev@read-write.fr"
| #define PACKAGE_URL ""
| #define WI_VERSION "1.0"
| #define STDC_HEADERS 1
| #define HAVE_SYS_TYPES_H 1
| #define HAVE_SYS_STAT_H 1
| #define HAVE_STDLIB_H 1
| #define HAVE_STRING_H 1
| #define HAVE_MEMORY_H 1
| #define HAVE_STRINGS_H 1
| #define HAVE_INTTYPES_H 1
| #define HAVE_STDINT_H 1
| #define HAVE_UNISTD_H 1
| #define HAVE_CORESERVICES_CORESERVICES_H 1
| #define HAVE_CARBON_CARBON_H 1
| #define HAVE_COMMONCRYPTO_COMMONDIGEST_H 1
| #define HAVE_COMMONCRYPTO_COMMONCRYPTOR_H 1
| /* end confdefs.h.  */
| 
| 	#include <features.h>
| 	#ifndef __GLIBC__
| 	chokeme
| 	#endif
| 
configure:7012: result: no
configure:7020: checking for struct sockaddr.sa_len
configure:7020: gcc -c -g -O2 -I/usr/local/include -DWI_CORESERVICES -DWI_CARBON -DWI_DIGESTS -DWI_CIPHERS conftest.c >&5
configure:7020: $? = 0
configure:7020: result: yes
configure:7035: checking for struct sockaddr_in.sin_len
configure:7035: gcc -c -g -O2 -I/usr/local/include -DWI_CORESERVICES -DWI_CARBON -DWI_DIGESTS -DWI_CIPHERS conftest.c >&5
configure:7035: $? = 0
configure:7035: result: yes
configure:7050: checking for struct sockaddr_in6.sin6_len
configure:7050: gcc -c -g -O2 -I/usr/local/include -DWI_CORESERVICES -DWI_CARBON -DWI_DIGESTS -DWI_CIPHERS conftest.c >&5
configure:7050: $? = 0
configure:7050: result: yes
configure:7069: checking whether facilitynames is declared
configure:7069: gcc -c -g -O2 -I/usr/local/include -DWI_CORESERVICES -DWI_CARBON -DWI_DIGESTS -DWI_CIPHERS conftest.c >&5
configure:7069: $? = 0
configure:7069: result: yes
configure:7086: checking for DIR.d_fd
configure:7086: gcc -c -g -O2 -I/usr/local/include -DWI_CORESERVICES -DWI_CARBON -DWI_DIGESTS -DWI_CIPHERS conftest.c >&5
conftest.c: In function 'main':
conftest.c:37: error: 'DIR' has no member named 'd_fd'
configure:7086: $? = 1
configure: failed program was:
| /* confdefs.h */
| #define PACKAGE_NAME "libwired"
| #define PACKAGE_TARNAME "libwired"
| #define PACKAGE_VERSION "1.0"
| #define PACKAGE_STRING "libwired 1.0"
| #define PACKAGE_BUGREPORT "dev@read-write.fr"
| #define PACKAGE_URL ""
| #define WI_VERSION "1.0"
| #define STDC_HEADERS 1
| #define HAVE_SYS_TYPES_H 1
| #define HAVE_SYS_STAT_H 1
| #define HAVE_STDLIB_H 1
| #define HAVE_STRING_H 1
| #define HAVE_MEMORY_H 1
| #define HAVE_STRINGS_H 1
| #define HAVE_INTTYPES_H 1
| #define HAVE_STDINT_H 1
| #define HAVE_UNISTD_H 1
| #define HAVE_CORESERVICES_CORESERVICES_H 1
| #define HAVE_CARBON_CARBON_H 1
| #define HAVE_COMMONCRYPTO_COMMONDIGEST_H 1
| #define HAVE_COMMONCRYPTO_COMMONCRYPTOR_H 1
| #define HAVE_STRUCT_SOCKADDR_SA_LEN 1
| #define HAVE_STRUCT_SOCKADDR_IN_SIN_LEN 1
| #define HAVE_STRUCT_SOCKADDR_IN6_SIN6_LEN 1
| #define HAVE_SYSLOG_FACILITYNAMES 1
| /* end confdefs.h.  */
| 
| 	#include <sys/types.h>
| 	#include <dirent.h>
| 
| 
| int
| main ()
| {
| static DIR ac_aggr;
| if (ac_aggr.d_fd)
| return 0;
|   ;
|   return 0;
| }
configure:7086: gcc -c -g -O2 -I/usr/local/include -DWI_CORESERVICES -DWI_CARBON -DWI_DIGESTS -DWI_CIPHERS conftest.c >&5
conftest.c: In function 'main':
conftest.c:37: error: 'DIR' has no member named 'd_fd'
configure:7086: $? = 1
configure: failed program was:
| /* confdefs.h */
| #define PACKAGE_NAME "libwired"
| #define PACKAGE_TARNAME "libwired"
| #define PACKAGE_VERSION "1.0"
| #define PACKAGE_STRING "libwired 1.0"
| #define PACKAGE_BUGREPORT "dev@read-write.fr"
| #define PACKAGE_URL ""
| #define WI_VERSION "1.0"
| #define STDC_HEADERS 1
| #define HAVE_SYS_TYPES_H 1
| #define HAVE_SYS_STAT_H 1
| #define HAVE_STDLIB_H 1
| #define HAVE_STRING_H 1
| #define HAVE_MEMORY_H 1
| #define HAVE_STRINGS_H 1
| #define HAVE_INTTYPES_H 1
| #define HAVE_STDINT_H 1
| #define HAVE_UNISTD_H 1
| #define HAVE_CORESERVICES_CORESERVICES_H 1
| #define HAVE_CARBON_CARBON_H 1
| #define HAVE_COMMONCRYPTO_COMMONDIGEST_H 1
| #define HAVE_COMMONCRYPTO_COMMONCRYPTOR_H 1
| #define HAVE_STRUCT_SOCKADDR_SA_LEN 1
| #define HAVE_STRUCT_SOCKADDR_IN_SIN_LEN 1
| #define HAVE_STRUCT_SOCKADDR_IN6_SIN6_LEN 1
| #define HAVE_SYSLOG_FACILITYNAMES 1
| /* end confdefs.h.  */
| 
| 	#include <sys/types.h>
| 	#include <dirent.h>
| 
| 
| int
| main ()
| {
| static DIR ac_aggr;
| if (sizeof ac_aggr.d_fd)
| return 0;
|   ;
|   return 0;
| }
configure:7086: result: no
configure:7099: checking for DIR.dd_fd
configure:7099: gcc -c -g -O2 -I/usr/local/include -DWI_CORESERVICES -DWI_CARBON -DWI_DIGESTS -DWI_CIPHERS conftest.c >&5
conftest.c: In function 'main':
conftest.c:37: error: 'DIR' has no member named 'dd_fd'
configure:7099: $? = 1
configure: failed program was:
| /* confdefs.h */
| #define PACKAGE_NAME "libwired"
| #define PACKAGE_TARNAME "libwired"
| #define PACKAGE_VERSION "1.0"
| #define PACKAGE_STRING "libwired 1.0"
| #define PACKAGE_BUGREPORT "dev@read-write.fr"
| #define PACKAGE_URL ""
| #define WI_VERSION "1.0"
| #define STDC_HEADERS 1
| #define HAVE_SYS_TYPES_H 1
| #define HAVE_SYS_STAT_H 1
| #define HAVE_STDLIB_H 1
| #define HAVE_STRING_H 1
| #define HAVE_MEMORY_H 1
| #define HAVE_STRINGS_H 1
| #define HAVE_INTTYPES_H 1
| #define HAVE_STDINT_H 1
| #define HAVE_UNISTD_H 1
| #define HAVE_CORESERVICES_CORESERVICES_H 1
| #define HAVE_CARBON_CARBON_H 1
| #define HAVE_COMMONCRYPTO_COMMONDIGEST_H 1
| #define HAVE_COMMONCRYPTO_COMMONCRYPTOR_H 1
| #define HAVE_STRUCT_SOCKADDR_SA_LEN 1
| #define HAVE_STRUCT_SOCKADDR_IN_SIN_LEN 1
| #define HAVE_STRUCT_SOCKADDR_IN6_SIN6_LEN 1
| #define HAVE_SYSLOG_FACILITYNAMES 1
| /* end confdefs.h.  */
| 
| 	#include <sys/types.h>
| 	#include <dirent.h>
| 
| 
| int
| main ()
| {
| static DIR ac_aggr;
| if (ac_aggr.dd_fd)
| return 0;
|   ;
|   return 0;
| }
configure:7099: gcc -c -g -O2 -I/usr/local/include -DWI_CORESERVICES -DWI_CARBON -DWI_DIGESTS -DWI_CIPHERS conftest.c >&5
conftest.c: In function 'main':
conftest.c:37: error: 'DIR' has no member named 'dd_fd'
configure:7099: $? = 1
configure: failed program was:
| /* confdefs.h */
| #define PACKAGE_NAME "libwired"
| #define PACKAGE_TARNAME "libwired"
| #define PACKAGE_VERSION "1.0"
| #define PACKAGE_STRING "libwired 1.0"
| #define PACKAGE_BUGREPORT "dev@read-write.fr"
| #define PACKAGE_URL ""
| #define WI_VERSION "1.0"
| #define STDC_HEADERS 1
| #define HAVE_SYS_TYPES_H 1
| #define HAVE_SYS_STAT_H 1
| #define HAVE_STDLIB_H 1
| #define HAVE_STRING_H 1
| #define HAVE_MEMORY_H 1
| #define HAVE_STRINGS_H 1
| #define HAVE_INTTYPES_H 1
| #define HAVE_STDINT_H 1
| #define HAVE_UNISTD_H 1
| #define HAVE_CORESERVICES_CORESERVICES_H 1
| #define HAVE_CARBON_CARBON_H 1
| #define HAVE_COMMONCRYPTO_COMMONDIGEST_H 1
| #define HAVE_COMMONCRYPTO_COMMONCRYPTOR_H 1
| #define HAVE_STRUCT_SOCKADDR_SA_LEN 1
| #define HAVE_STRUCT_SOCKADDR_IN_SIN_LEN 1
| #define HAVE_STRUCT_SOCKADDR_IN6_SIN6_LEN 1
| #define HAVE_SYSLOG_FACILITYNAMES 1
| /* end confdefs.h.  */
| 
| 	#include <sys/types.h>
| 	#include <dirent.h>
| 
| 
| int
| main ()
| {
| static DIR ac_aggr;
| if (sizeof ac_aggr.dd_fd)
| return 0;
|   ;
|   return 0;
| }
configure:7099: result: no
configure:7116: checking for struct stat.st_birthtime
configure:7116: gcc -c -g -O2 -I/usr/local/include -DWI_CORESERVICES -DWI_CARBON -DWI_DIGESTS -DWI_CIPHERS conftest.c >&5
configure:7116: $? = 0
configure:7116: result: yes
configure:7130: checking for struct stat64.st_birthtime
configure:7130: gcc -c -g -O2 -I/usr/local/include -DWI_CORESERVICES -DWI_CARBON -DWI_DIGESTS -DWI_CIPHERS conftest.c >&5
configure:7130: $? = 0
configure:7130: result: yes
configure:7172: checking for mach-o/arch.h
configure:7172: gcc -c -g -O2 -I/usr/local/include -DWI_CORESERVICES -DWI_CARBON -DWI_DIGESTS -DWI_CIPHERS conftest.c >&5
configure:7172: $? = 0
configure:7172: result: yes
configure:7172: checking for machine/param.h
configure:7172: gcc -c -g -O2 -I/usr/local/include -DWI_CORESERVICES -DWI_CARBON -DWI_DIGESTS -DWI_CIPHERS conftest.c >&5
configure:7172: $? = 0
configure:7172: result: yes
configure:7172: checking for sys/attr.h
configure:7172: gcc -c -g -O2 -I/usr/local/include -DWI_CORESERVICES -DWI_CARBON -DWI_DIGESTS -DWI_CIPHERS conftest.c >&5
configure:7172: $? = 0
configure:7172: result: yes
configure:7172: checking for sys/event.h
configure:7172: gcc -c -g -O2 -I/usr/local/include -DWI_CORESERVICES -DWI_CARBON -DWI_DIGESTS -DWI_CIPHERS conftest.c >&5
configure:7172: $? = 0
configure:7172: result: yes
configure:7172: checking for sys/inotify.h
configure:7172: gcc -c -g -O2 -I/usr/local/include -DWI_CORESERVICES -DWI_CARBON -DWI_DIGESTS -DWI_CIPHERS conftest.c >&5
conftest.c:38:25: error: sys/inotify.h: No such file or directory
configure:7172: $? = 1
configure: failed program was:
| /* confdefs.h */
| #define PACKAGE_NAME "libwired"
| #define PACKAGE_TARNAME "libwired"
| #define PACKAGE_VERSION "1.0"
| #define PACKAGE_STRING "libwired 1.0"
| #define PACKAGE_BUGREPORT "dev@read-write.fr"
| #define PACKAGE_URL ""
| #define WI_VERSION "1.0"
| #define STDC_HEADERS 1
| #define HAVE_SYS_TYPES_H 1
| #define HAVE_SYS_STAT_H 1
| #define HAVE_STDLIB_H 1
| #define HAVE_STRING_H 1
| #define HAVE_MEMORY_H 1
| #define HAVE_STRINGS_H 1
| #define HAVE_INTTYPES_H 1
| #define HAVE_STDINT_H 1
| #define HAVE_UNISTD_H 1
| #define HAVE_CORESERVICES_CORESERVICES_H 1
| #define HAVE_CARBON_CARBON_H 1
| #define HAVE_COMMONCRYPTO_COMMONDIGEST_H 1
| #define HAVE_COMMONCRYPTO_COMMONCRYPTOR_H 1
| #define HAVE_STRUCT_SOCKADDR_SA_LEN 1
| #define HAVE_STRUCT_SOCKADDR_IN_SIN_LEN 1
| #define HAVE_STRUCT_SOCKADDR_IN6_SIN6_LEN 1
| #define HAVE_SYSLOG_FACILITYNAMES 1
| #define HAVE_STRUCT_STAT_ST_BIRTHTIME 1
| #define HAVE_STRUCT_STAT64_ST_BIRTHTIME 1
| #define HAVE_MACH_O_ARCH_H 1
| #define HAVE_MACHINE_PARAM_H 1
| #define HAVE_SYS_ATTR_H 1
| #define HAVE_SYS_EVENT_H 1
| /* end confdefs.h.  */
| 
| 	#include <sys/types.h>
| 
| 
| #include <sys/inotify.h>
configure:7172: result: no
configure:7172: checking for sys/sockio.h
configure:7172: gcc -c -g -O2 -I/usr/local/include -DWI_CORESERVICES -DWI_CARBON -DWI_DIGESTS -DWI_CIPHERS conftest.c >&5
configure:7172: $? = 0
configure:7172: result: yes
configure:7172: checking for sys/statfs.h
configure:7172: gcc -c -g -O2 -I/usr/local/include -DWI_CORESERVICES -DWI_CARBON -DWI_DIGESTS -DWI_CIPHERS conftest.c >&5
conftest.c:39:24: error: sys/statfs.h: No such file or directory
configure:7172: $? = 1
configure: failed program was:
| /* confdefs.h */
| #define PACKAGE_NAME "libwired"
| #define PACKAGE_TARNAME "libwired"
| #define PACKAGE_VERSION "1.0"
| #define PACKAGE_STRING "libwired 1.0"
| #define PACKAGE_BUGREPORT "dev@read-write.fr"
| #define PACKAGE_URL ""
| #define WI_VERSION "1.0"
| #define STDC_HEADERS 1
| #define HAVE_SYS_TYPES_H 1
| #define HAVE_SYS_STAT_H 1
| #define HAVE_STDLIB_H 1
| #define HAVE_STRING_H 1
| #define HAVE_MEMORY_H 1
| #define HAVE_STRINGS_H 1
| #define HAVE_INTTYPES_H 1
| #define HAVE_STDINT_H 1
| #define HAVE_UNISTD_H 1
| #define HAVE_CORESERVICES_CORESERVICES_H 1
| #define HAVE_CARBON_CARBON_H 1
| #define HAVE_COMMONCRYPTO_COMMONDIGEST_H 1
| #define HAVE_COMMONCRYPTO_COMMONCRYPTOR_H 1
| #define HAVE_STRUCT_SOCKADDR_SA_LEN 1
| #define HAVE_STRUCT_SOCKADDR_IN_SIN_LEN 1
| #define HAVE_STRUCT_SOCKADDR_IN6_SIN6_LEN 1
| #define HAVE_SYSLOG_FACILITYNAMES 1
| #define HAVE_STRUCT_STAT_ST_BIRTHTIME 1
| #define HAVE_STRUCT_STAT64_ST_BIRTHTIME 1
| #define HAVE_MACH_O_ARCH_H 1
| #define HAVE_MACHINE_PARAM_H 1
| #define HAVE_SYS_ATTR_H 1
| #define HAVE_SYS_EVENT_H 1
| #define HAVE_SYS_SOCKIO_H 1
| /* end confdefs.h.  */
| 
| 	#include <sys/types.h>
| 
| 
| #include <sys/statfs.h>
configure:7172: result: no
configure:7172: checking for sys/statvfs.h
configure:7172: gcc -c -g -O2 -I/usr/local/include -DWI_CORESERVICES -DWI_CARBON -DWI_DIGESTS -DWI_CIPHERS conftest.c >&5
configure:7172: $? = 0
configure:7172: result: yes
configure:7172: checking for sys/sysctl.h
configure:7172: gcc -c -g -O2 -I/usr/local/include -DWI_CORESERVICES -DWI_CARBON -DWI_DIGESTS -DWI_CIPHERS conftest.c >&5
configure:7172: $? = 0
configure:7172: result: yes
configure:7172: checking for sys/systeminfo.h
configure:7172: gcc -c -g -O2 -I/usr/local/include -DWI_CORESERVICES -DWI_CARBON -DWI_DIGESTS -DWI_CIPHERS conftest.c >&5
conftest.c:41:28: error: sys/systeminfo.h: No such file or directory
configure:7172: $? = 1
configure: failed program was:
| /* confdefs.h */
| #define PACKAGE_NAME "libwired"
| #define PACKAGE_TARNAME "libwired"
| #define PACKAGE_VERSION "1.0"
| #define PACKAGE_STRING "libwired 1.0"
| #define PACKAGE_BUGREPORT "dev@read-write.fr"
| #define PACKAGE_URL ""
| #define WI_VERSION "1.0"
| #define STDC_HEADERS 1
| #define HAVE_SYS_TYPES_H 1
| #define HAVE_SYS_STAT_H 1
| #define HAVE_STDLIB_H 1
| #define HAVE_STRING_H 1
| #define HAVE_MEMORY_H 1
| #define HAVE_STRINGS_H 1
| #define HAVE_INTTYPES_H 1
| #define HAVE_STDINT_H 1
| #define HAVE_UNISTD_H 1
| #define HAVE_CORESERVICES_CORESERVICES_H 1
| #define HAVE_CARBON_CARBON_H 1
| #define HAVE_COMMONCRYPTO_COMMONDIGEST_H 1
| #define HAVE_COMMONCRYPTO_COMMONCRYPTOR_H 1
| #define HAVE_STRUCT_SOCKADDR_SA_LEN 1
| #define HAVE_STRUCT_SOCKADDR_IN_SIN_LEN 1
| #define HAVE_STRUCT_SOCKADDR_IN6_SIN6_LEN 1
| #define HAVE_SYSLOG_FACILITYNAMES 1
| #define HAVE_STRUCT_STAT_ST_BIRTHTIME 1
| #define HAVE_STRUCT_STAT64_ST_BIRTHTIME 1
| #define HAVE_MACH_O_ARCH_H 1
| #define HAVE_MACHINE_PARAM_H 1
| #define HAVE_SYS_ATTR_H 1
| #define HAVE_SYS_EVENT_H 1
| #define HAVE_SYS_SOCKIO_H 1
| #define HAVE_SYS_STATVFS_H 1
| #define HAVE_SYS_SYSCTL_H 1
| /* end confdefs.h.  */
| 
| 	#include <sys/types.h>
| 
| 
| #include <sys/systeminfo.h>
configure:7172: result: no
configure:7172: checking for netinet/in_systm.h
configure:7172: gcc -c -g -O2 -I/usr/local/include -DWI_CORESERVICES -DWI_CARBON -DWI_DIGESTS -DWI_CIPHERS conftest.c >&5
configure:7172: $? = 0
configure:7172: result: yes
configure:7172: checking for netinet/ip.h
configure:7172: gcc -c -g -O2 -I/usr/local/include -DWI_CORESERVICES -DWI_CARBON -DWI_DIGESTS -DWI_CIPHERS conftest.c >&5
configure:7172: $? = 0
configure:7172: result: yes
configure:7172: checking for inotifytools/inotify.h
configure:7172: gcc -c -g -O2 -I/usr/local/include -DWI_CORESERVICES -DWI_CARBON -DWI_DIGESTS -DWI_CIPHERS conftest.c >&5
conftest.c:43:34: error: inotifytools/inotify.h: No such file or directory
configure:7172: $? = 1
configure: failed program was:
| /* confdefs.h */
| #define PACKAGE_NAME "libwired"
| #define PACKAGE_TARNAME "libwired"
| #define PACKAGE_VERSION "1.0"
| #define PACKAGE_STRING "libwired 1.0"
| #define PACKAGE_BUGREPORT "dev@read-write.fr"
| #define PACKAGE_URL ""
| #define WI_VERSION "1.0"
| #define STDC_HEADERS 1
| #define HAVE_SYS_TYPES_H 1
| #define HAVE_SYS_STAT_H 1
| #define HAVE_STDLIB_H 1
| #define HAVE_STRING_H 1
| #define HAVE_MEMORY_H 1
| #define HAVE_STRINGS_H 1
| #define HAVE_INTTYPES_H 1
| #define HAVE_STDINT_H 1
| #define HAVE_UNISTD_H 1
| #define HAVE_CORESERVICES_CORESERVICES_H 1
| #define HAVE_CARBON_CARBON_H 1
| #define HAVE_COMMONCRYPTO_COMMONDIGEST_H 1
| #define HAVE_COMMONCRYPTO_COMMONCRYPTOR_H 1
| #define HAVE_STRUCT_SOCKADDR_SA_LEN 1
| #define HAVE_STRUCT_SOCKADDR_IN_SIN_LEN 1
| #define HAVE_STRUCT_SOCKADDR_IN6_SIN6_LEN 1
| #define HAVE_SYSLOG_FACILITYNAMES 1
| #define HAVE_STRUCT_STAT_ST_BIRTHTIME 1
| #define HAVE_STRUCT_STAT64_ST_BIRTHTIME 1
| #define HAVE_MACH_O_ARCH_H 1
| #define HAVE_MACHINE_PARAM_H 1
| #define HAVE_SYS_ATTR_H 1
| #define HAVE_SYS_EVENT_H 1
| #define HAVE_SYS_SOCKIO_H 1
| #define HAVE_SYS_STATVFS_H 1
| #define HAVE_SYS_SYSCTL_H 1
| #define HAVE_NETINET_IN_SYSTM_H 1
| #define HAVE_NETINET_IP_H 1
| /* end confdefs.h.  */
| 
| 	#include <sys/types.h>
| 
| 
| #include <inotifytools/inotify.h>
configure:7172: result: no
configure:7172: checking for getopt.h
configure:7172: gcc -c -g -O2 -I/usr/local/include -DWI_CORESERVICES -DWI_CARBON -DWI_DIGESTS -DWI_CIPHERS conftest.c >&5
configure:7172: $? = 0
configure:7172: result: yes
configure:7172: checking for ifaddrs.h
configure:7172: gcc -c -g -O2 -I/usr/local/include -DWI_CORESERVICES -DWI_CARBON -DWI_DIGESTS -DWI_CIPHERS conftest.c >&5
configure:7172: $? = 0
configure:7172: result: yes
configure:7172: checking for net/if_dl.h
configure:7172: gcc -c -g -O2 -I/usr/local/include -DWI_CORESERVICES -DWI_CARBON -DWI_DIGESTS -DWI_CIPHERS conftest.c >&5
configure:7172: $? = 0
configure:7172: result: yes
configure:7172: checking for paths.h
configure:7172: gcc -c -g -O2 -I/usr/local/include -DWI_CORESERVICES -DWI_CARBON -DWI_DIGESTS -DWI_CIPHERS conftest.c >&5
configure:7172: $? = 0
configure:7172: result: yes
configure:7172: checking for execinfo.h
configure:7172: gcc -c -g -O2 -I/usr/local/include -DWI_CORESERVICES -DWI_CARBON -DWI_DIGESTS -DWI_CIPHERS conftest.c >&5
configure:7172: $? = 0
configure:7172: result: yes
configure:7190: checking whether optreset is declared
configure:7190: gcc -c -g -O2 -I/usr/local/include -DWI_CORESERVICES -DWI_CARBON -DWI_DIGESTS -DWI_CIPHERS conftest.c >&5
configure:7190: $? = 0
configure:7190: result: yes
configure:7208: checking for special C compiler options needed for large files
configure:7253: result: no
configure:7259: checking for _FILE_OFFSET_BITS value needed for large files
configure:7284: gcc -c -g -O2 -I/usr/local/include -DWI_CORESERVICES -DWI_CARBON -DWI_DIGESTS -DWI_CIPHERS conftest.c >&5
configure:7284: $? = 0
configure:7316: result: no
configure:7401: checking for intmax_t
configure:7401: gcc -c -g -O2 -I/usr/local/include -DWI_CORESERVICES -DWI_CARBON -DWI_DIGESTS -DWI_CIPHERS conftest.c >&5
configure:7401: $? = 0
configure:7401: gcc -c -g -O2 -I/usr/local/include -DWI_CORESERVICES -DWI_CARBON -DWI_DIGESTS -DWI_CIPHERS conftest.c >&5
conftest.c: In function 'main':
conftest.c:81: error: expected expression before ')' token
configure:7401: $? = 1
configure: failed program was:
| /* confdefs.h */
| #define PACKAGE_NAME "libwired"
| #define PACKAGE_TARNAME "libwired"
| #define PACKAGE_VERSION "1.0"
| #define PACKAGE_STRING "libwired 1.0"
| #define PACKAGE_BUGREPORT "dev@read-write.fr"
| #define PACKAGE_URL ""
| #define WI_VERSION "1.0"
| #define STDC_HEADERS 1
| #define HAVE_SYS_TYPES_H 1
| #define HAVE_SYS_STAT_H 1
| #define HAVE_STDLIB_H 1
| #define HAVE_STRING_H 1
| #define HAVE_MEMORY_H 1
| #define HAVE_STRINGS_H 1
| #define HAVE_INTTYPES_H 1
| #define HAVE_STDINT_H 1
| #define HAVE_UNISTD_H 1
| #define HAVE_CORESERVICES_CORESERVICES_H 1
| #define HAVE_CARBON_CARBON_H 1
| #define HAVE_COMMONCRYPTO_COMMONDIGEST_H 1
| #define HAVE_COMMONCRYPTO_COMMONCRYPTOR_H 1
| #define HAVE_STRUCT_SOCKADDR_SA_LEN 1
| #define HAVE_STRUCT_SOCKADDR_IN_SIN_LEN 1
| #define HAVE_STRUCT_SOCKADDR_IN6_SIN6_LEN 1
| #define HAVE_SYSLOG_FACILITYNAMES 1
| #define HAVE_STRUCT_STAT_ST_BIRTHTIME 1
| #define HAVE_STRUCT_STAT64_ST_BIRTHTIME 1
| #define HAVE_MACH_O_ARCH_H 1
| #define HAVE_MACHINE_PARAM_H 1
| #define HAVE_SYS_ATTR_H 1
| #define HAVE_SYS_EVENT_H 1
| #define HAVE_SYS_SOCKIO_H 1
| #define HAVE_SYS_STATVFS_H 1
| #define HAVE_SYS_SYSCTL_H 1
| #define HAVE_NETINET_IN_SYSTM_H 1
| #define HAVE_NETINET_IP_H 1
| #define HAVE_GETOPT_H 1
| #define HAVE_IFADDRS_H 1
| #define HAVE_NET_IF_DL_H 1
| #define HAVE_PATHS_H 1
| #define HAVE_EXECINFO_H 1
| #define HAVE_DECL_OPTRESET 1
| /* end confdefs.h.  */
| #include <stdio.h>
| #ifdef HAVE_SYS_TYPES_H
| # include <sys/types.h>
| #endif
| #ifdef HAVE_SYS_STAT_H
| # include <sys/stat.h>
| #endif
| #ifdef STDC_HEADERS
| # include <stdlib.h>
| # include <stddef.h>
| #else
| # ifdef HAVE_STDLIB_H
| #  include <stdlib.h>
| # endif
| #endif
| #ifdef HAVE_STRING_H
| # if !defined STDC_HEADERS && defined HAVE_MEMORY_H
| #  include <memory.h>
| # endif
| # include <string.h>
| #endif
| #ifdef HAVE_STRINGS_H
| # include <strings.h>
| #endif
| #ifdef HAVE_INTTYPES_H
| # include <inttypes.h>
| #endif
| #ifdef HAVE_STDINT_H
| # include <stdint.h>
| #endif
| #ifdef HAVE_UNISTD_H
| # include <unistd.h>
| #endif
| int
| main ()
| {
| if (sizeof ((intmax_t)))
| 	    return 0;
|   ;
|   return 0;
| }
configure:7401: result: yes
configure:7411: checking for ptrdiff_t
configure:7411: gcc -c -g -O2 -I/usr/local/include -DWI_CORESERVICES -DWI_CARBON -DWI_DIGESTS -DWI_CIPHERS conftest.c >&5
configure:7411: $? = 0
configure:7411: gcc -c -g -O2 -I/usr/local/include -DWI_CORESERVICES -DWI_CARBON -DWI_DIGESTS -DWI_CIPHERS conftest.c >&5
conftest.c: In function 'main':
conftest.c:82: error: expected expression before ')' token
configure:7411: $? = 1
configure: failed program was:
| /* confdefs.h */
| #define PACKAGE_NAME "libwired"
| #define PACKAGE_TARNAME "libwired"
| #define PACKAGE_VERSION "1.0"
| #define PACKAGE_STRING "libwired 1.0"
| #define PACKAGE_BUGREPORT "dev@read-write.fr"
| #define PACKAGE_URL ""
| #define WI_VERSION "1.0"
| #define STDC_HEADERS 1
| #define HAVE_SYS_TYPES_H 1
| #define HAVE_SYS_STAT_H 1
| #define HAVE_STDLIB_H 1
| #define HAVE_STRING_H 1
| #define HAVE_MEMORY_H 1
| #define HAVE_STRINGS_H 1
| #define HAVE_INTTYPES_H 1
| #define HAVE_STDINT_H 1
| #define HAVE_UNISTD_H 1
| #define HAVE_CORESERVICES_CORESERVICES_H 1
| #define HAVE_CARBON_CARBON_H 1
| #define HAVE_COMMONCRYPTO_COMMONDIGEST_H 1
| #define HAVE_COMMONCRYPTO_COMMONCRYPTOR_H 1
| #define HAVE_STRUCT_SOCKADDR_SA_LEN 1
| #define HAVE_STRUCT_SOCKADDR_IN_SIN_LEN 1
| #define HAVE_STRUCT_SOCKADDR_IN6_SIN6_LEN 1
| #define HAVE_SYSLOG_FACILITYNAMES 1
| #define HAVE_STRUCT_STAT_ST_BIRTHTIME 1
| #define HAVE_STRUCT_STAT64_ST_BIRTHTIME 1
| #define HAVE_MACH_O_ARCH_H 1
| #define HAVE_MACHINE_PARAM_H 1
| #define HAVE_SYS_ATTR_H 1
| #define HAVE_SYS_EVENT_H 1
| #define HAVE_SYS_SOCKIO_H 1
| #define HAVE_SYS_STATVFS_H 1
| #define HAVE_SYS_SYSCTL_H 1
| #define HAVE_NETINET_IN_SYSTM_H 1
| #define HAVE_NETINET_IP_H 1
| #define HAVE_GETOPT_H 1
| #define HAVE_IFADDRS_H 1
| #define HAVE_NET_IF_DL_H 1
| #define HAVE_PATHS_H 1
| #define HAVE_EXECINFO_H 1
| #define HAVE_DECL_OPTRESET 1
| #define HAVE_INTMAX_T 1
| /* end confdefs.h.  */
| #include <stdio.h>
| #ifdef HAVE_SYS_TYPES_H
| # include <sys/types.h>
| #endif
| #ifdef HAVE_SYS_STAT_H
| # include <sys/stat.h>
| #endif
| #ifdef STDC_HEADERS
| # include <stdlib.h>
| # include <stddef.h>
| #else
| # ifdef HAVE_STDLIB_H
| #  include <stdlib.h>
| # endif
| #endif
| #ifdef HAVE_STRING_H
| # if !defined STDC_HEADERS && defined HAVE_MEMORY_H
| #  include <memory.h>
| # endif
| # include <string.h>
| #endif
| #ifdef HAVE_STRINGS_H
| # include <strings.h>
| #endif
| #ifdef HAVE_INTTYPES_H
| # include <inttypes.h>
| #endif
| #ifdef HAVE_STDINT_H
| # include <stdint.h>
| #endif
| #ifdef HAVE_UNISTD_H
| # include <unistd.h>
| #endif
| int
| main ()
| {
| if (sizeof ((ptrdiff_t)))
| 	    return 0;
|   ;
|   return 0;
| }
configure:7411: result: yes
configure:7429: checking for _LARGEFILE_SOURCE value needed for large files
configure:7448: gcc -o conftest -g -O2 -I/usr/local/include -DWI_CORESERVICES -DWI_CARBON -DWI_DIGESTS -DWI_CIPHERS -L/usr/local/lib conftest.c -framework CoreServices -framework Carbon >&5
configure:7448: $? = 0
configure:7476: result: no
configure:7525: checking for MDItemCreate
configure:7525: gcc -o conftest -g -O2 -I/usr/local/include -DWI_CORESERVICES -DWI_CARBON -DWI_DIGESTS -DWI_CIPHERS -L/usr/local/lib conftest.c -framework CoreServices -framework Carbon >&5
configure:7525: $? = 0
configure:7525: result: yes
configure:7525: checking for NXGetLocalArchInfo
configure:7525: gcc -o conftest -g -O2 -I/usr/local/include -DWI_CORESERVICES -DWI_CARBON -DWI_DIGESTS -DWI_CIPHERS -L/usr/local/lib conftest.c -framework CoreServices -framework Carbon >&5
configure:7525: $? = 0
configure:7525: result: yes
configure:7525: checking for backtrace
configure:7525: gcc -o conftest -g -O2 -I/usr/local/include -DWI_CORESERVICES -DWI_CARBON -DWI_DIGESTS -DWI_CIPHERS -L/usr/local/lib conftest.c -framework CoreServices -framework Carbon >&5
configure:7525: $? = 0
configure:7525: result: yes
configure:7525: checking for dirfd
configure:7525: gcc -o conftest -g -O2 -I/usr/local/include -DWI_CORESERVICES -DWI_CARBON -DWI_DIGESTS -DWI_CIPHERS -L/usr/local/lib conftest.c -framework CoreServices -framework Carbon >&5
configure:7525: $? = 0
configure:7525: result: yes
configure:7525: checking for getifaddrs
configure:7525: gcc -o conftest -g -O2 -I/usr/local/include -DWI_CORESERVICES -DWI_CARBON -DWI_DIGESTS -DWI_CIPHERS -L/usr/local/lib conftest.c -framework CoreServices -framework Carbon >&5
configure:7525: $? = 0
configure:7525: result: yes
configure:7525: checking for getpagesize
configure:7525: gcc -o conftest -g -O2 -I/usr/local/include -DWI_CORESERVICES -DWI_CARBON -DWI_DIGESTS -DWI_CIPHERS -L/usr/local/lib conftest.c -framework CoreServices -framework Carbon >&5
configure:7525: $? = 0
configure:7525: result: yes
configure:7525: checking for pthread_attr_setschedpolicy
configure:7525: gcc -o conftest -g -O2 -I/usr/local/include -DWI_CORESERVICES -DWI_CARBON -DWI_DIGESTS -DWI_CIPHERS -L/usr/local/lib conftest.c -framework CoreServices -framework Carbon >&5
configure:7525: $? = 0
configure:7525: result: yes
configure:7525: checking for qsort_r
configure:7525: gcc -o conftest -g -O2 -I/usr/local/include -DWI_CORESERVICES -DWI_CARBON -DWI_DIGESTS -DWI_CIPHERS -L/usr/local/lib conftest.c -framework CoreServices -framework Carbon >&5
configure:7525: $? = 0
configure:7525: result: yes
configure:7525: checking for sched_get_priority_max
configure:7525: gcc -o conftest -g -O2 -I/usr/local/include -DWI_CORESERVICES -DWI_CARBON -DWI_DIGESTS -DWI_CIPHERS -L/usr/local/lib conftest.c -framework CoreServices -framework Carbon >&5
configure:7525: $? = 0
configure:7525: result: yes
configure:7525: checking for sched_get_priority_min
configure:7525: gcc -o conftest -g -O2 -I/usr/local/include -DWI_CORESERVICES -DWI_CARBON -DWI_DIGESTS -DWI_CIPHERS -L/usr/local/lib conftest.c -framework CoreServices -framework Carbon >&5
configure:7525: $? = 0
configure:7525: result: yes
configure:7525: checking for setproctitle
configure:7525: gcc -o conftest -g -O2 -I/usr/local/include -DWI_CORESERVICES -DWI_CARBON -DWI_DIGESTS -DWI_CIPHERS -L/usr/local/lib conftest.c -framework CoreServices -framework Carbon >&5
Undefined symbols for architecture x86_64:
  "_setproctitle", referenced from:
      _main in cceo2O8C.o
ld: symbol(s) not found for architecture x86_64
collect2: ld returned 1 exit status
configure:7525: $? = 1
configure: failed program was:
| /* confdefs.h */
| #define PACKAGE_NAME "libwired"
| #define PACKAGE_TARNAME "libwired"
| #define PACKAGE_VERSION "1.0"
| #define PACKAGE_STRING "libwired 1.0"
| #define PACKAGE_BUGREPORT "dev@read-write.fr"
| #define PACKAGE_URL ""
| #define WI_VERSION "1.0"
| #define STDC_HEADERS 1
| #define HAVE_SYS_TYPES_H 1
| #define HAVE_SYS_STAT_H 1
| #define HAVE_STDLIB_H 1
| #define HAVE_STRING_H 1
| #define HAVE_MEMORY_H 1
| #define HAVE_STRINGS_H 1
| #define HAVE_INTTYPES_H 1
| #define HAVE_STDINT_H 1
| #define HAVE_UNISTD_H 1
| #define HAVE_CORESERVICES_CORESERVICES_H 1
| #define HAVE_CARBON_CARBON_H 1
| #define HAVE_COMMONCRYPTO_COMMONDIGEST_H 1
| #define HAVE_COMMONCRYPTO_COMMONCRYPTOR_H 1
| #define HAVE_STRUCT_SOCKADDR_SA_LEN 1
| #define HAVE_STRUCT_SOCKADDR_IN_SIN_LEN 1
| #define HAVE_STRUCT_SOCKADDR_IN6_SIN6_LEN 1
| #define HAVE_SYSLOG_FACILITYNAMES 1
| #define HAVE_STRUCT_STAT_ST_BIRTHTIME 1
| #define HAVE_STRUCT_STAT64_ST_BIRTHTIME 1
| #define HAVE_MACH_O_ARCH_H 1
| #define HAVE_MACHINE_PARAM_H 1
| #define HAVE_SYS_ATTR_H 1
| #define HAVE_SYS_EVENT_H 1
| #define HAVE_SYS_SOCKIO_H 1
| #define HAVE_SYS_STATVFS_H 1
| #define HAVE_SYS_SYSCTL_H 1
| #define HAVE_NETINET_IN_SYSTM_H 1
| #define HAVE_NETINET_IP_H 1
| #define HAVE_GETOPT_H 1
| #define HAVE_IFADDRS_H 1
| #define HAVE_NET_IF_DL_H 1
| #define HAVE_PATHS_H 1
| #define HAVE_EXECINFO_H 1
| #define HAVE_DECL_OPTRESET 1
| #define HAVE_INTMAX_T 1
| #define HAVE_PTRDIFF_T 1
| #define _DARWIN_USE_64_BIT_INODE 1
| #define HAVE_FSEEKO 1
| #define HAVE_MDITEMCREATE 1
| #define HAVE_NXGETLOCALARCHINFO 1
| #define HAVE_BACKTRACE 1
| #define HAVE_DIRFD 1
| #define HAVE_GETIFADDRS 1
| #define HAVE_GETPAGESIZE 1
| #define HAVE_PTHREAD_ATTR_SETSCHEDPOLICY 1
| #define HAVE_QSORT_R 1
| #define HAVE_SCHED_GET_PRIORITY_MAX 1
| #define HAVE_SCHED_GET_PRIORITY_MIN 1
| /* end confdefs.h.  */
| /* Define setproctitle to an innocuous variant, in case <limits.h> declares setproctitle.
|    For example, HP-UX 11i <limits.h> declares gettimeofday.  */
| #define setproctitle innocuous_setproctitle
| 
| /* System header to define __stub macros and hopefully few prototypes,
|     which can conflict with char setproctitle (); below.
|     Prefer <limits.h> to <assert.h> if __STDC__ is defined, since
|     <limits.h> exists even on freestanding compilers.  */
| 
| #ifdef __STDC__
| # include <limits.h>
| #else
| # include <assert.h>
| #endif
| 
| #undef setproctitle
| 
| /* Override any GCC internal prototype to avoid an error.
|    Use char because int might match the return type of a GCC
|    builtin and then its argument prototype would still apply.  */
| #ifdef __cplusplus
| extern "C"
| #endif
| char setproctitle ();
| /* The GNU C library defines this for functions which it implements
|     to always fail with ENOSYS.  Some functions are actually named
|     something starting with __ and the normal name is an alias.  */
| #if defined __stub_setproctitle || defined __stub___setproctitle
| choke me
| #endif
| 
| int
| main ()
| {
| return setproctitle ();
|   ;
|   return 0;
| }
configure:7525: result: no
configure:7525: checking for sqlite3_extended_errcode
configure:7525: gcc -o conftest -g -O2 -I/usr/local/include -DWI_CORESERVICES -DWI_CARBON -DWI_DIGESTS -DWI_CIPHERS -L/usr/local/lib conftest.c -framework CoreServices -framework Carbon >&5
Undefined symbols for architecture x86_64:
  "_sqlite3_extended_errcode", referenced from:
      _main in ccSOBHBv.o
ld: symbol(s) not found for architecture x86_64
collect2: ld returned 1 exit status
configure:7525: $? = 1
configure: failed program was:
| /* confdefs.h */
| #define PACKAGE_NAME "libwired"
| #define PACKAGE_TARNAME "libwired"
| #define PACKAGE_VERSION "1.0"
| #define PACKAGE_STRING "libwired 1.0"
| #define PACKAGE_BUGREPORT "dev@read-write.fr"
| #define PACKAGE_URL ""
| #define WI_VERSION "1.0"
| #define STDC_HEADERS 1
| #define HAVE_SYS_TYPES_H 1
| #define HAVE_SYS_STAT_H 1
| #define HAVE_STDLIB_H 1
| #define HAVE_STRING_H 1
| #define HAVE_MEMORY_H 1
| #define HAVE_STRINGS_H 1
| #define HAVE_INTTYPES_H 1
| #define HAVE_STDINT_H 1
| #define HAVE_UNISTD_H 1
| #define HAVE_CORESERVICES_CORESERVICES_H 1
| #define HAVE_CARBON_CARBON_H 1
| #define HAVE_COMMONCRYPTO_COMMONDIGEST_H 1
| #define HAVE_COMMONCRYPTO_COMMONCRYPTOR_H 1
| #define HAVE_STRUCT_SOCKADDR_SA_LEN 1
| #define HAVE_STRUCT_SOCKADDR_IN_SIN_LEN 1
| #define HAVE_STRUCT_SOCKADDR_IN6_SIN6_LEN 1
| #define HAVE_SYSLOG_FACILITYNAMES 1
| #define HAVE_STRUCT_STAT_ST_BIRTHTIME 1
| #define HAVE_STRUCT_STAT64_ST_BIRTHTIME 1
| #define HAVE_MACH_O_ARCH_H 1
| #define HAVE_MACHINE_PARAM_H 1
| #define HAVE_SYS_ATTR_H 1
| #define HAVE_SYS_EVENT_H 1
| #define HAVE_SYS_SOCKIO_H 1
| #define HAVE_SYS_STATVFS_H 1
| #define HAVE_SYS_SYSCTL_H 1
| #define HAVE_NETINET_IN_SYSTM_H 1
| #define HAVE_NETINET_IP_H 1
| #define HAVE_GETOPT_H 1
| #define HAVE_IFADDRS_H 1
| #define HAVE_NET_IF_DL_H 1
| #define HAVE_PATHS_H 1
| #define HAVE_EXECINFO_H 1
| #define HAVE_DECL_OPTRESET 1
| #define HAVE_INTMAX_T 1
| #define HAVE_PTRDIFF_T 1
| #define _DARWIN_USE_64_BIT_INODE 1
| #define HAVE_FSEEKO 1
| #define HAVE_MDITEMCREATE 1
| #define HAVE_NXGETLOCALARCHINFO 1
| #define HAVE_BACKTRACE 1
| #define HAVE_DIRFD 1
| #define HAVE_GETIFADDRS 1
| #define HAVE_GETPAGESIZE 1
| #define HAVE_PTHREAD_ATTR_SETSCHEDPOLICY 1
| #define HAVE_QSORT_R 1
| #define HAVE_SCHED_GET_PRIORITY_MAX 1
| #define HAVE_SCHED_GET_PRIORITY_MIN 1
| /* end confdefs.h.  */
| /* Define sqlite3_extended_errcode to an innocuous variant, in case <limits.h> declares sqlite3_extended_errcode.
|    For example, HP-UX 11i <limits.h> declares gettimeofday.  */
| #define sqlite3_extended_errcode innocuous_sqlite3_extended_errcode
| 
| /* System header to define __stub macros and hopefully few prototypes,
|     which can conflict with char sqlite3_extended_errcode (); below.
|     Prefer <limits.h> to <assert.h> if __STDC__ is defined, since
|     <limits.h> exists even on freestanding compilers.  */
| 
| #ifdef __STDC__
| # include <limits.h>
| #else
| # include <assert.h>
| #endif
| 
| #undef sqlite3_extended_errcode
| 
| /* Override any GCC internal prototype to avoid an error.
|    Use char because int might match the return type of a GCC
|    builtin and then its argument prototype would still apply.  */
| #ifdef __cplusplus
| extern "C"
| #endif
| char sqlite3_extended_errcode ();
| /* The GNU C library defines this for functions which it implements
|     to always fail with ENOSYS.  Some functions are actually named
|     something starting with __ and the normal name is an alias.  */
| #if defined __stub_sqlite3_extended_errcode || defined __stub___sqlite3_extended_errcode
| choke me
| #endif
| 
| int
| main ()
| {
| return sqlite3_extended_errcode ();
|   ;
|   return 0;
| }
configure:7525: result: no
configure:7525: checking for sqlite3_prepare_v2
configure:7525: gcc -o conftest -g -O2 -I/usr/local/include -DWI_CORESERVICES -DWI_CARBON -DWI_DIGESTS -DWI_CIPHERS -L/usr/local/lib conftest.c -framework CoreServices -framework Carbon >&5
Undefined symbols for architecture x86_64:
  "_sqlite3_prepare_v2", referenced from:
      _main in ccMrYvTH.o
ld: symbol(s) not found for architecture x86_64
collect2: ld returned 1 exit status
configure:7525: $? = 1
configure: failed program was:
| /* confdefs.h */
| #define PACKAGE_NAME "libwired"
| #define PACKAGE_TARNAME "libwired"
| #define PACKAGE_VERSION "1.0"
| #define PACKAGE_STRING "libwired 1.0"
| #define PACKAGE_BUGREPORT "dev@read-write.fr"
| #define PACKAGE_URL ""
| #define WI_VERSION "1.0"
| #define STDC_HEADERS 1
| #define HAVE_SYS_TYPES_H 1
| #define HAVE_SYS_STAT_H 1
| #define HAVE_STDLIB_H 1
| #define HAVE_STRING_H 1
| #define HAVE_MEMORY_H 1
| #define HAVE_STRINGS_H 1
| #define HAVE_INTTYPES_H 1
| #define HAVE_STDINT_H 1
| #define HAVE_UNISTD_H 1
| #define HAVE_CORESERVICES_CORESERVICES_H 1
| #define HAVE_CARBON_CARBON_H 1
| #define HAVE_COMMONCRYPTO_COMMONDIGEST_H 1
| #define HAVE_COMMONCRYPTO_COMMONCRYPTOR_H 1
| #define HAVE_STRUCT_SOCKADDR_SA_LEN 1
| #define HAVE_STRUCT_SOCKADDR_IN_SIN_LEN 1
| #define HAVE_STRUCT_SOCKADDR_IN6_SIN6_LEN 1
| #define HAVE_SYSLOG_FACILITYNAMES 1
| #define HAVE_STRUCT_STAT_ST_BIRTHTIME 1
| #define HAVE_STRUCT_STAT64_ST_BIRTHTIME 1
| #define HAVE_MACH_O_ARCH_H 1
| #define HAVE_MACHINE_PARAM_H 1
| #define HAVE_SYS_ATTR_H 1
| #define HAVE_SYS_EVENT_H 1
| #define HAVE_SYS_SOCKIO_H 1
| #define HAVE_SYS_STATVFS_H 1
| #define HAVE_SYS_SYSCTL_H 1
| #define HAVE_NETINET_IN_SYSTM_H 1
| #define HAVE_NETINET_IP_H 1
| #define HAVE_GETOPT_H 1
| #define HAVE_IFADDRS_H 1
| #define HAVE_NET_IF_DL_H 1
| #define HAVE_PATHS_H 1
| #define HAVE_EXECINFO_H 1
| #define HAVE_DECL_OPTRESET 1
| #define HAVE_INTMAX_T 1
| #define HAVE_PTRDIFF_T 1
| #define _DARWIN_USE_64_BIT_INODE 1
| #define HAVE_FSEEKO 1
| #define HAVE_MDITEMCREATE 1
| #define HAVE_NXGETLOCALARCHINFO 1
| #define HAVE_BACKTRACE 1
| #define HAVE_DIRFD 1
| #define HAVE_GETIFADDRS 1
| #define HAVE_GETPAGESIZE 1
| #define HAVE_PTHREAD_ATTR_SETSCHEDPOLICY 1
| #define HAVE_QSORT_R 1
| #define HAVE_SCHED_GET_PRIORITY_MAX 1
| #define HAVE_SCHED_GET_PRIORITY_MIN 1
| /* end confdefs.h.  */
| /* Define sqlite3_prepare_v2 to an innocuous variant, in case <limits.h> declares sqlite3_prepare_v2.
|    For example, HP-UX 11i <limits.h> declares gettimeofday.  */
| #define sqlite3_prepare_v2 innocuous_sqlite3_prepare_v2
| 
| /* System header to define __stub macros and hopefully few prototypes,
|     which can conflict with char sqlite3_prepare_v2 (); below.
|     Prefer <limits.h> to <assert.h> if __STDC__ is defined, since
|     <limits.h> exists even on freestanding compilers.  */
| 
| #ifdef __STDC__
| # include <limits.h>
| #else
| # include <assert.h>
| #endif
| 
| #undef sqlite3_prepare_v2
| 
| /* Override any GCC internal prototype to avoid an error.
|    Use char because int might match the return type of a GCC
|    builtin and then its argument prototype would still apply.  */
| #ifdef __cplusplus
| extern "C"
| #endif
| char sqlite3_prepare_v2 ();
| /* The GNU C library defines this for functions which it implements
|     to always fail with ENOSYS.  Some functions are actually named
|     something starting with __ and the normal name is an alias.  */
| #if defined __stub_sqlite3_prepare_v2 || defined __stub___sqlite3_prepare_v2
| choke me
| #endif
| 
| int
| main ()
| {
| return sqlite3_prepare_v2 ();
|   ;
|   return 0;
| }
configure:7525: result: no
configure:7525: checking for srandom
configure:7525: gcc -o conftest -g -O2 -I/usr/local/include -DWI_CORESERVICES -DWI_CARBON -DWI_DIGESTS -DWI_CIPHERS -L/usr/local/lib conftest.c -framework CoreServices -framework Carbon >&5
configure:7525: $? = 0
configure:7525: result: yes
configure:7525: checking for stat64
configure:7525: gcc -o conftest -g -O2 -I/usr/local/include -DWI_CORESERVICES -DWI_CARBON -DWI_DIGESTS -DWI_CIPHERS -L/usr/local/lib conftest.c -framework CoreServices -framework Carbon >&5
configure:7525: $? = 0
configure:7525: result: yes
configure:7525: checking for statvfs
configure:7525: gcc -o conftest -g -O2 -I/usr/local/include -DWI_CORESERVICES -DWI_CARBON -DWI_DIGESTS -DWI_CIPHERS -L/usr/local/lib conftest.c -framework CoreServices -framework Carbon >&5
configure:7525: $? = 0
configure:7525: result: yes
configure:7525: checking for strcasestr
configure:7525: gcc -o conftest -g -O2 -I/usr/local/include -DWI_CORESERVICES -DWI_CARBON -DWI_DIGESTS -DWI_CIPHERS -L/usr/local/lib conftest.c -framework CoreServices -framework Carbon >&5
configure:7525: $? = 0
configure:7525: result: yes
configure:7525: checking for strlcat
configure:7525: gcc -o conftest -g -O2 -I/usr/local/include -DWI_CORESERVICES -DWI_CARBON -DWI_DIGESTS -DWI_CIPHERS -L/usr/local/lib conftest.c -framework CoreServices -framework Carbon >&5
configure:7525: $? = 0
configure:7525: result: yes
configure:7525: checking for strlcpy
configure:7525: gcc -o conftest -g -O2 -I/usr/local/include -DWI_CORESERVICES -DWI_CARBON -DWI_DIGESTS -DWI_CIPHERS -L/usr/local/lib conftest.c -framework CoreServices -framework Carbon >&5
configure:7525: $? = 0
configure:7525: result: yes
configure:7525: checking for strsep
configure:7525: gcc -o conftest -g -O2 -I/usr/local/include -DWI_CORESERVICES -DWI_CARBON -DWI_DIGESTS -DWI_CIPHERS -L/usr/local/lib conftest.c -framework CoreServices -framework Carbon >&5
configure:7525: $? = 0
configure:7525: result: yes
configure:7525: checking for sysinfo
configure:7525: gcc -o conftest -g -O2 -I/usr/local/include -DWI_CORESERVICES -DWI_CARBON -DWI_DIGESTS -DWI_CIPHERS -L/usr/local/lib conftest.c -framework CoreServices -framework Carbon >&5
Undefined symbols for architecture x86_64:
  "_sysinfo", referenced from:
      _main in ccLbIaZ1.o
ld: symbol(s) not found for architecture x86_64
collect2: ld returned 1 exit status
configure:7525: $? = 1
configure: failed program was:
| /* confdefs.h */
| #define PACKAGE_NAME "libwired"
| #define PACKAGE_TARNAME "libwired"
| #define PACKAGE_VERSION "1.0"
| #define PACKAGE_STRING "libwired 1.0"
| #define PACKAGE_BUGREPORT "dev@read-write.fr"
| #define PACKAGE_URL ""
| #define WI_VERSION "1.0"
| #define STDC_HEADERS 1
| #define HAVE_SYS_TYPES_H 1
| #define HAVE_SYS_STAT_H 1
| #define HAVE_STDLIB_H 1
| #define HAVE_STRING_H 1
| #define HAVE_MEMORY_H 1
| #define HAVE_STRINGS_H 1
| #define HAVE_INTTYPES_H 1
| #define HAVE_STDINT_H 1
| #define HAVE_UNISTD_H 1
| #define HAVE_CORESERVICES_CORESERVICES_H 1
| #define HAVE_CARBON_CARBON_H 1
| #define HAVE_COMMONCRYPTO_COMMONDIGEST_H 1
| #define HAVE_COMMONCRYPTO_COMMONCRYPTOR_H 1
| #define HAVE_STRUCT_SOCKADDR_SA_LEN 1
| #define HAVE_STRUCT_SOCKADDR_IN_SIN_LEN 1
| #define HAVE_STRUCT_SOCKADDR_IN6_SIN6_LEN 1
| #define HAVE_SYSLOG_FACILITYNAMES 1
| #define HAVE_STRUCT_STAT_ST_BIRTHTIME 1
| #define HAVE_STRUCT_STAT64_ST_BIRTHTIME 1
| #define HAVE_MACH_O_ARCH_H 1
| #define HAVE_MACHINE_PARAM_H 1
| #define HAVE_SYS_ATTR_H 1
| #define HAVE_SYS_EVENT_H 1
| #define HAVE_SYS_SOCKIO_H 1
| #define HAVE_SYS_STATVFS_H 1
| #define HAVE_SYS_SYSCTL_H 1
| #define HAVE_NETINET_IN_SYSTM_H 1
| #define HAVE_NETINET_IP_H 1
| #define HAVE_GETOPT_H 1
| #define HAVE_IFADDRS_H 1
| #define HAVE_NET_IF_DL_H 1
| #define HAVE_PATHS_H 1
| #define HAVE_EXECINFO_H 1
| #define HAVE_DECL_OPTRESET 1
| #define HAVE_INTMAX_T 1
| #define HAVE_PTRDIFF_T 1
| #define _DARWIN_USE_64_BIT_INODE 1
| #define HAVE_FSEEKO 1
| #define HAVE_MDITEMCREATE 1
| #define HAVE_NXGETLOCALARCHINFO 1
| #define HAVE_BACKTRACE 1
| #define HAVE_DIRFD 1
| #define HAVE_GETIFADDRS 1
| #define HAVE_GETPAGESIZE 1
| #define HAVE_PTHREAD_ATTR_SETSCHEDPOLICY 1
| #define HAVE_QSORT_R 1
| #define HAVE_SCHED_GET_PRIORITY_MAX 1
| #define HAVE_SCHED_GET_PRIORITY_MIN 1
| #define HAVE_SRANDOM 1
| #define HAVE_STAT64 1
| #define HAVE_STATVFS 1
| #define HAVE_STRCASESTR 1
| #define HAVE_STRLCAT 1
| #define HAVE_STRLCPY 1
| #define HAVE_STRSEP 1
| /* end confdefs.h.  */
| /* Define sysinfo to an innocuous variant, in case <limits.h> declares sysinfo.
|    For example, HP-UX 11i <limits.h> declares gettimeofday.  */
| #define sysinfo innocuous_sysinfo
| 
| /* System header to define __stub macros and hopefully few prototypes,
|     which can conflict with char sysinfo (); below.
|     Prefer <limits.h> to <assert.h> if __STDC__ is defined, since
|     <limits.h> exists even on freestanding compilers.  */
| 
| #ifdef __STDC__
| # include <limits.h>
| #else
| # include <assert.h>
| #endif
| 
| #undef sysinfo
| 
| /* Override any GCC internal prototype to avoid an error.
|    Use char because int might match the return type of a GCC
|    builtin and then its argument prototype would still apply.  */
| #ifdef __cplusplus
| extern "C"
| #endif
| char sysinfo ();
| /* The GNU C library defines this for functions which it implements
|     to always fail with ENOSYS.  Some functions are actually named
|     something starting with __ and the normal name is an alias.  */
| #if defined __stub_sysinfo || defined __stub___sysinfo
| choke me
| #endif
| 
| int
| main ()
| {
| return sysinfo ();
|   ;
|   return 0;
| }
configure:7525: result: no
configure:7525: checking for timegm
configure:7525: gcc -o conftest -g -O2 -I/usr/local/include -DWI_CORESERVICES -DWI_CARBON -DWI_DIGESTS -DWI_CIPHERS -L/usr/local/lib conftest.c -framework CoreServices -framework Carbon >&5
configure:7525: $? = 0
configure:7525: result: yes
configure:7525: checking for vasprintf
configure:7525: gcc -o conftest -g -O2 -I/usr/local/include -DWI_CORESERVICES -DWI_CARBON -DWI_DIGESTS -DWI_CIPHERS -L/usr/local/lib conftest.c -framework CoreServices -framework Carbon >&5
configure:7525: $? = 0
configure:7525: result: yes
configure:7525: checking for vfprintf
configure:7525: gcc -o conftest -g -O2 -I/usr/local/include -DWI_CORESERVICES -DWI_CARBON -DWI_DIGESTS -DWI_CIPHERS -L/usr/local/lib conftest.c -framework CoreServices -framework Carbon >&5
conftest.c:91: warning: conflicting types for built-in function 'vfprintf'
configure:7525: $? = 0
configure:7525: result: yes
configure:7658: creating ./config.status

## ---------------------- ##
## Running config.status. ##
## ---------------------- ##

This file was extended by libwired config.status 1.0, which was
generated by GNU Autoconf 2.69.  Invocation command line was

  CONFIG_FILES    = 
  CONFIG_HEADERS  = 
  CONFIG_LINKS    = 
  CONFIG_COMMANDS = 
  $ ./config.status 

on nark.local

config.status:865: creating Makefile
config.status:865: creating p7/examples/Makefile
config.status:865: creating config.h

## ---------------- ##
## Cache variables. ##
## ---------------- ##

ac_cv_build=i686-apple-darwin12.2.0
ac_cv_c_compiler_gnu=yes
ac_cv_env_CC_set=
ac_cv_env_CC_value=
ac_cv_env_CFLAGS_set=
ac_cv_env_CFLAGS_value=
ac_cv_env_CPPFLAGS_set=
ac_cv_env_CPPFLAGS_value=
ac_cv_env_CPP_set=
ac_cv_env_CPP_value=
ac_cv_env_LDFLAGS_set=
ac_cv_env_LDFLAGS_value=
ac_cv_env_LIBS_set=
ac_cv_env_LIBS_value=
ac_cv_env_build_alias_set=
ac_cv_env_build_alias_value=
ac_cv_env_host_alias_set=
ac_cv_env_host_alias_value=
ac_cv_env_target_alias_set=
ac_cv_env_target_alias_value=
ac_cv_func_MDItemCreate=yes
ac_cv_func_NXGetLocalArchInfo=yes
ac_cv_func_backtrace=yes
ac_cv_func_dirfd=yes
ac_cv_func_gethostent=yes
ac_cv_func_getifaddrs=yes
ac_cv_func_getpagesize=yes
ac_cv_func_herror=yes
ac_cv_func_pow=yes
ac_cv_func_pthread_attr_setschedpolicy=yes
ac_cv_func_qsort_r=yes
ac_cv_func_sched_get_priority_max=yes
ac_cv_func_sched_get_priority_min=yes
ac_cv_func_setproctitle=no
ac_cv_func_setsockopt=yes
ac_cv_func_sqlite3_extended_errcode=no
ac_cv_func_sqlite3_prepare_v2=no
ac_cv_func_srandom=yes
ac_cv_func_stat64=yes
ac_cv_func_statvfs=yes
ac_cv_func_strcasestr=yes
ac_cv_func_strlcat=yes
ac_cv_func_strlcpy=yes
ac_cv_func_strsep=yes
ac_cv_func_sysinfo=no
ac_cv_func_timegm=yes
ac_cv_func_vasprintf=yes
ac_cv_func_vfprintf=yes
ac_cv_have_decl_facilitynames=yes
ac_cv_have_decl_optreset=yes
ac_cv_header_Carbon_Carbon_h=yes
ac_cv_header_CommonCrypto_CommonCryptor_h=yes
ac_cv_header_CommonCrypto_CommonDigest_h=yes
ac_cv_header_CoreServices_CoreServices_h=yes
ac_cv_header_execinfo_h=yes
ac_cv_header_getopt_h=yes
ac_cv_header_ifaddrs_h=yes
ac_cv_header_inotifytools_inotify_h=no
ac_cv_header_inttypes_h=yes
ac_cv_header_mach_o_arch_h=yes
ac_cv_header_machine_param_h=yes
ac_cv_header_memory_h=yes
ac_cv_header_net_if_dl_h=yes
ac_cv_header_netinet_in_systm_h=yes
ac_cv_header_netinet_ip_h=yes
ac_cv_header_paths_h=yes
ac_cv_header_stdc=yes
ac_cv_header_stdint_h=yes
ac_cv_header_stdlib_h=yes
ac_cv_header_string_h=yes
ac_cv_header_strings_h=yes
ac_cv_header_sys_attr_h=yes
ac_cv_header_sys_event_h=yes
ac_cv_header_sys_inotify_h=no
ac_cv_header_sys_sockio_h=yes
ac_cv_header_sys_stat_h=yes
ac_cv_header_sys_statfs_h=no
ac_cv_header_sys_statvfs_h=yes
ac_cv_header_sys_sysctl_h=yes
ac_cv_header_sys_systeminfo_h=no
ac_cv_header_sys_types_h=yes
ac_cv_header_unistd_h=yes
ac_cv_host=i686-apple-darwin12.2.0
ac_cv_member_DIR_d_fd=no
ac_cv_member_DIR_dd_fd=no
ac_cv_member_struct_sockaddr_in6_sin6_len=yes
ac_cv_member_struct_sockaddr_in_sin_len=yes
ac_cv_member_struct_sockaddr_sa_len=yes
ac_cv_member_struct_stat64_st_birthtime=yes
ac_cv_member_struct_stat_st_birthtime=yes
ac_cv_objext=o
ac_cv_path_EGREP='/usr/bin/grep -E'
ac_cv_path_GREP=/usr/bin/grep
ac_cv_path_install='/usr/bin/install -c'
ac_cv_prog_CPP='gcc -E'
ac_cv_prog_ac_ct_CC=gcc
ac_cv_prog_cc_c89=
ac_cv_prog_cc_g=yes
ac_cv_prog_make_make_set=yes
ac_cv_sys_file_offset_bits=no
ac_cv_sys_largefile_CC=no
ac_cv_sys_largefile_source=no
ac_cv_type_intmax_t=yes
ac_cv_type_ptrdiff_t=yes

## ----------------- ##
## Output variables. ##
## ----------------- ##

CC='gcc'
CFLAGS='-g -O2'
CPP='gcc -E'
CPPFLAGS='-I/usr/local/include -DWI_CORESERVICES -DWI_CARBON -DWI_DIGESTS -DWI_CIPHERS'
DEFS='-DHAVE_CONFIG_H'
ECHO_C='\c'
ECHO_N=''
ECHO_T=''
EGREP='/usr/bin/grep -E'
EXEEXT=''
GREP='/usr/bin/grep'
INSTALL_DATA='${INSTALL} -m 644'
INSTALL_PROGRAM='${INSTALL}'
INSTALL_SCRIPT='${INSTALL}'
LDFLAGS='-L/usr/local/lib'
LIBOBJS=''
LIBS='-framework CoreServices -framework Carbon'
LTLIBOBJS=''
OBJEXT='o'
PACKAGE_BUGREPORT='dev@read-write.fr'
PACKAGE_NAME='libwired'
PACKAGE_STRING='libwired 1.0'
PACKAGE_TARNAME='libwired'
PACKAGE_URL=''
PACKAGE_VERSION='1.0'
PATH_SEPARATOR=':'
SET_MAKE=''
SHELL='/bin/sh'
WI_MAINTAINER='0'
WI_VERSION='1.0'
ac_ct_CC='gcc'
bindir='${exec_prefix}/bin'
build='i686-apple-darwin12.2.0'
build_alias=''
build_cpu='i686'
build_os='darwin12.2.0'
build_vendor='apple'
datadir='${datarootdir}'
datarootdir='${prefix}/share'
docdir='${datarootdir}/doc/${PACKAGE_TARNAME}'
dvidir='${docdir}'
exec_prefix='${prefix}'
host='i686-apple-darwin12.2.0'
host_alias=''
host_cpu='i686'
host_os='darwin12.2.0'
host_vendor='apple'
htmldir='${docdir}'
includedir='${prefix}/include'
infodir='${datarootdir}/info'
libdir='${exec_prefix}/lib'
libexecdir='${exec_prefix}/libexec'
localedir='${datarootdir}/locale'
localstatedir='${prefix}/var'
mandir='${datarootdir}/man'
objdir='obj'
oldincludedir='/usr/include'
pdfdir='${docdir}'
prefix='/usr/local'
program_transform_name='s,x,x,'
psdir='${docdir}'
rundir='run'
sbindir='${exec_prefix}/sbin'
sharedstatedir='${prefix}/com'
sysconfdir='${prefix}/etc'
target_alias=''

## ----------- ##
## confdefs.h. ##
## ----------- ##

/* confdefs.h */
#define PACKAGE_NAME "libwired"
#define PACKAGE_TARNAME "libwired"
#define PACKAGE_VERSION "1.0"
#define PACKAGE_STRING "libwired 1.0"
#define PACKAGE_BUGREPORT "dev@read-write.fr"
#define PACKAGE_URL ""
#define WI_VERSION "1.0"
#define STDC_HEADERS 1
#define HAVE_SYS_TYPES_H 1
#define HAVE_SYS_STAT_H 1
#define HAVE_STDLIB_H 1
#define HAVE_STRING_H 1
#define HAVE_MEMORY_H 1
#define HAVE_STRINGS_H 1
#define HAVE_INTTYPES_H 1
#define HAVE_STDINT_H 1
#define HAVE_UNISTD_H 1
#define HAVE_CORESERVICES_CORESERVICES_H 1
#define HAVE_CARBON_CARBON_H 1
#define HAVE_COMMONCRYPTO_COMMONDIGEST_H 1
#define HAVE_COMMONCRYPTO_COMMONCRYPTOR_H 1
#define HAVE_STRUCT_SOCKADDR_SA_LEN 1
#define HAVE_STRUCT_SOCKADDR_IN_SIN_LEN 1
#define HAVE_STRUCT_SOCKADDR_IN6_SIN6_LEN 1
#define HAVE_SYSLOG_FACILITYNAMES 1
#define HAVE_STRUCT_STAT_ST_BIRTHTIME 1
#define HAVE_STRUCT_STAT64_ST_BIRTHTIME 1
#define HAVE_MACH_O_ARCH_H 1
#define HAVE_MACHINE_PARAM_H 1
#define HAVE_SYS_ATTR_H 1
#define HAVE_SYS_EVENT_H 1
#define HAVE_SYS_SOCKIO_H 1
#define HAVE_SYS_STATVFS_H 1
#define HAVE_SYS_SYSCTL_H 1
#define HAVE_NETINET_IN_SYSTM_H 1
#define HAVE_NETINET_IP_H 1
#define HAVE_GETOPT_H 1
#define HAVE_IFADDRS_H 1
#define HAVE_NET_IF_DL_H 1
#define HAVE_PATHS_H 1
#define HAVE_EXECINFO_H 1
#define HAVE_DECL_OPTRESET 1
#define HAVE_INTMAX_T 1
#define HAVE_PTRDIFF_T 1
#define _DARWIN_USE_64_BIT_INODE 1
#define HAVE_FSEEKO 1
#define HAVE_MDITEMCREATE 1
#define HAVE_NXGETLOCALARCHINFO 1
#define HAVE_BACKTRACE 1
#define HAVE_DIRFD 1
#define HAVE_GETIFADDRS 1
#define HAVE_GETPAGESIZE 1
#define HAVE_PTHREAD_ATTR_SETSCHEDPOLICY 1
#define HAVE_QSORT_R 1
#define HAVE_SCHED_GET_PRIORITY_MAX 1
#define HAVE_SCHED_GET_PRIORITY_MIN 1
#define HAVE_SRANDOM 1
#define HAVE_STAT64 1
#define HAVE_STATVFS 1
#define HAVE_STRCASESTR 1
#define HAVE_STRLCAT 1
#define HAVE_STRLCPY 1
#define HAVE_STRSEP 1
#define HAVE_TIMEGM 1
#define HAVE_VASPRINTF 1
#define HAVE_VFPRINTF 1

configure: exit 0
